<?xml version="1.0" encoding="UTF-8"?>
<!-- Generated by org.testng.reporters.JUnitXMLReporter -->
<testsuite hostname="LAPTOP-QS2T60H5" ignored="0" name="Test-1" tests="4" failures="0" timestamp="2020-09-22T21:49:42 EDT" time="0.058" errors="0">
  <testcase name="login" time="0.005" classname="Testngpackage.priorityAndDepend"/>
  <testcase name="inbox" time="0.0" classname="Testngpackage.priorityAndDepend"/>
  <testcase name="sent" time="0.0" classname="Testngpackage.priorityAndDepend"/>
  <testcase name="logout" time="0.0" classname="Testngpackage.priorityAndDepend"/>
</testsuite> <!-- Test-1 -->
