<?xml version="1.0" encoding="UTF-8"?>
<!-- Generated by org.testng.reporters.JUnitReportReporter -->
<testsuite skipped="0" hostname="LAPTOP-QS2T60H5" name="Testngpackage.priorityAndDepend" tests="4" failures="0" timestamp="2020-09-22T21:49:42 EDT" time="0.005" errors="0">
  <testcase name="login" time="0.005" classname="Testngpackage.priorityAndDepend"/>
  <system-out/>
  <testcase name="inbox" time="0.000" classname="Testngpackage.priorityAndDepend"/>
  <system-out/>
  <testcase name="sent" time="0.000" classname="Testngpackage.priorityAndDepend"/>
  <system-out/>
  <testcase name="logout" time="0.000" classname="Testngpackage.priorityAndDepend"/>
  <system-out/>
</testsuite> <!-- Testngpackage.priorityAndDepend -->
